Traceback (most recent call last):
  File "/usr/local/lib/python3.10/dist-packages/jupyter_cache/executors/utils.py", line 58, in single_nb_execution
    executenb(
  File "/usr/local/lib/python3.10/dist-packages/nbclient/client.py", line 1305, in execute
    return NotebookClient(nb=nb, resources=resources, km=km, **kwargs).execute()
  File "/usr/local/lib/python3.10/dist-packages/jupyter_core/utils/__init__.py", line 168, in wrapped
    return loop.run_until_complete(inner)
  File "/usr/lib/python3.10/asyncio/base_events.py", line 649, in run_until_complete
    return future.result()
  File "/usr/local/lib/python3.10/dist-packages/nbclient/client.py", line 705, in async_execute
    await self.async_execute_cell(
  File "/usr/local/lib/python3.10/dist-packages/nbclient/client.py", line 1058, in async_execute_cell
    await self._check_raise_for_error(cell, cell_index, exec_reply)
  File "/usr/local/lib/python3.10/dist-packages/nbclient/client.py", line 914, in _check_raise_for_error
    raise CellExecutionError.from_cell_and_msg(cell, exec_reply_content)
nbclient.exceptions.CellExecutionError: An error occurred while executing the following cell:
------------------
k = 3
alpha = 0.1
beta = 0.2

lda = LatentDirichletAllocation(n_components=k, doc_topic_prior=alpha, topic_word_prior=beta)
proporsi_topik_dokumen = lda.fit_transform(X)
------------------


[0;31m[0m
[0;31mValueError[0mTraceback (most recent call last)
[0;32m<ipython-input-8-a4276d7ce45a>[0m in [0;36m<cell line: 6>[0;34m()[0m
[1;32m      4[0m [0;34m[0m[0m
[1;32m      5[0m [0mlda[0m [0;34m=[0m [0mLatentDirichletAllocation[0m[0;34m([0m[0mn_components[0m[0;34m=[0m[0mk[0m[0;34m,[0m [0mdoc_topic_prior[0m[0;34m=[0m[0malpha[0m[0;34m,[0m [0mtopic_word_prior[0m[0;34m=[0m[0mbeta[0m[0;34m)[0m[0;34m[0m[0;34m[0m[0m
[0;32m----> 6[0;31m [0mproporsi_topik_dokumen[0m [0;34m=[0m [0mlda[0m[0;34m.[0m[0mfit_transform[0m[0;34m([0m[0mX[0m[0;34m)[0m[0;34m[0m[0;34m[0m[0m
[0m
[0;32m/usr/local/lib/python3.10/dist-packages/sklearn/utils/_set_output.py[0m in [0;36mwrapped[0;34m(self, X, *args, **kwargs)[0m
[1;32m    138[0m     [0;34m@[0m[0mwraps[0m[0;34m([0m[0mf[0m[0;34m)[0m[0;34m[0m[0;34m[0m[0m
[1;32m    139[0m     [0;32mdef[0m [0mwrapped[0m[0;34m([0m[0mself[0m[0;34m,[0m [0mX[0m[0;34m,[0m [0;34m*[0m[0margs[0m[0;34m,[0m [0;34m**[0m[0mkwargs[0m[0;34m)[0m[0;34m:[0m[0;34m[0m[0;34m[0m[0m
[0;32m--> 140[0;31m         [0mdata_to_wrap[0m [0;34m=[0m [0mf[0m[0;34m([0m[0mself[0m[0;34m,[0m [0mX[0m[0;34m,[0m [0;34m*[0m[0margs[0m[0;34m,[0m [0;34m**[0m[0mkwargs[0m[0;34m)[0m[0;34m[0m[0;34m[0m[0m
[0m[1;32m    141[0m         [0;32mif[0m [0misinstance[0m[0;34m([0m[0mdata_to_wrap[0m[0;34m,[0m [0mtuple[0m[0;34m)[0m[0;34m:[0m[0;34m[0m[0;34m[0m[0m
[1;32m    142[0m             [0;31m# only wrap the first output for cross decomposition[0m[0;34m[0m[0;34m[0m[0m

[0;32m/usr/local/lib/python3.10/dist-packages/sklearn/base.py[0m in [0;36mfit_transform[0;34m(self, X, y, **fit_params)[0m
[1;32m    876[0m         [0;32mif[0m [0my[0m [0;32mis[0m [0;32mNone[0m[0;34m:[0m[0;34m[0m[0;34m[0m[0m
[1;32m    877[0m             [0;31m# fit method of arity 1 (unsupervised transformation)[0m[0;34m[0m[0;34m[0m[0m
[0;32m--> 878[0;31m             [0;32mreturn[0m [0mself[0m[0;34m.[0m[0mfit[0m[0;34m([0m[0mX[0m[0;34m,[0m [0;34m**[0m[0mfit_params[0m[0;34m)[0m[0;34m.[0m[0mtransform[0m[0;34m([0m[0mX[0m[0;34m)[0m[0;34m[0m[0;34m[0m[0m
[0m[1;32m    879[0m         [0;32melse[0m[0;34m:[0m[0;34m[0m[0;34m[0m[0m
[1;32m    880[0m             [0;31m# fit method of arity 2 (supervised transformation)[0m[0;34m[0m[0;34m[0m[0m

[0;32m/usr/local/lib/python3.10/dist-packages/sklearn/decomposition/_lda.py[0m in [0;36mfit[0;34m(self, X, y)[0m
[1;32m    639[0m         """
[1;32m    640[0m         [0mself[0m[0;34m.[0m[0m_validate_params[0m[0;34m([0m[0;34m)[0m[0;34m[0m[0;34m[0m[0m
[0;32m--> 641[0;31m         X = self._check_non_neg_array(
[0m[1;32m    642[0m             [0mX[0m[0;34m,[0m [0mreset_n_features[0m[0;34m=[0m[0;32mTrue[0m[0;34m,[0m [0mwhom[0m[0;34m=[0m[0;34m"LatentDirichletAllocation.fit"[0m[0;34m[0m[0;34m[0m[0m
[1;32m    643[0m         )

[0;32m/usr/local/lib/python3.10/dist-packages/sklearn/decomposition/_lda.py[0m in [0;36m_check_non_neg_array[0;34m(self, X, reset_n_features, whom)[0m
[1;32m    559[0m         [0mdtype[0m [0;34m=[0m [0;34m[[0m[0mnp[0m[0;34m.[0m[0mfloat64[0m[0;34m,[0m [0mnp[0m[0;34m.[0m[0mfloat32[0m[0;34m][0m [0;32mif[0m [0mreset_n_features[0m [0;32melse[0m [0mself[0m[0;34m.[0m[0mcomponents_[0m[0;34m.[0m[0mdtype[0m[0;34m[0m[0;34m[0m[0m
[1;32m    560[0m [0;34m[0m[0m
[0;32m--> 561[0;31m         X = self._validate_data(
[0m[1;32m    562[0m             [0mX[0m[0;34m,[0m[0;34m[0m[0;34m[0m[0m
[1;32m    563[0m             [0mreset[0m[0;34m=[0m[0mreset_n_features[0m[0;34m,[0m[0;34m[0m[0;34m[0m[0m

[0;32m/usr/local/lib/python3.10/dist-packages/sklearn/base.py[0m in [0;36m_validate_data[0;34m(self, X, y, reset, validate_separately, **check_params)[0m
[1;32m    563[0m             [0;32mraise[0m [0mValueError[0m[0;34m([0m[0;34m"Validation should be done on X, y or both."[0m[0;34m)[0m[0;34m[0m[0;34m[0m[0m
[1;32m    564[0m         [0;32melif[0m [0;32mnot[0m [0mno_val_X[0m [0;32mand[0m [0mno_val_y[0m[0;34m:[0m[0;34m[0m[0;34m[0m[0m
[0;32m--> 565[0;31m             [0mX[0m [0;34m=[0m [0mcheck_array[0m[0;34m([0m[0mX[0m[0;34m,[0m [0minput_name[0m[0;34m=[0m[0;34m"X"[0m[0;34m,[0m [0;34m**[0m[0mcheck_params[0m[0;34m)[0m[0;34m[0m[0;34m[0m[0m
[0m[1;32m    566[0m             [0mout[0m [0;34m=[0m [0mX[0m[0;34m[0m[0;34m[0m[0m
[1;32m    567[0m         [0;32melif[0m [0mno_val_X[0m [0;32mand[0m [0;32mnot[0m [0mno_val_y[0m[0;34m:[0m[0;34m[0m[0;34m[0m[0m

[0;32m/usr/local/lib/python3.10/dist-packages/sklearn/utils/validation.py[0m in [0;36mcheck_array[0;34m(array, accept_sparse, accept_large_sparse, dtype, order, copy, force_all_finite, ensure_2d, allow_nd, ensure_min_samples, ensure_min_features, estimator, input_name)[0m
[1;32m    877[0m                     [0marray[0m [0;34m=[0m [0mxp[0m[0;34m.[0m[0mastype[0m[0;34m([0m[0marray[0m[0;34m,[0m [0mdtype[0m[0;34m,[0m [0mcopy[0m[0;34m=[0m[0;32mFalse[0m[0;34m)[0m[0;34m[0m[0;34m[0m[0m
[1;32m    878[0m                 [0;32melse[0m[0;34m:[0m[0;34m[0m[0;34m[0m[0m
[0;32m--> 879[0;31m                     [0marray[0m [0;34m=[0m [0m_asarray_with_order[0m[0;34m([0m[0marray[0m[0;34m,[0m [0morder[0m[0;34m=[0m[0morder[0m[0;34m,[0m [0mdtype[0m[0;34m=[0m[0mdtype[0m[0;34m,[0m [0mxp[0m[0;34m=[0m[0mxp[0m[0;34m)[0m[0;34m[0m[0;34m[0m[0m
[0m[1;32m    880[0m             [0;32mexcept[0m [0mComplexWarning[0m [0;32mas[0m [0mcomplex_warning[0m[0;34m:[0m[0;34m[0m[0;34m[0m[0m
[1;32m    881[0m                 raise ValueError(

[0;32m/usr/local/lib/python3.10/dist-packages/sklearn/utils/_array_api.py[0m in [0;36m_asarray_with_order[0;34m(array, dtype, order, copy, xp)[0m
[1;32m    183[0m     [0;32mif[0m [0mxp[0m[0;34m.[0m[0m__name__[0m [0;32min[0m [0;34m{[0m[0;34m"numpy"[0m[0;34m,[0m [0;34m"numpy.array_api"[0m[0;34m}[0m[0;34m:[0m[0;34m[0m[0;34m[0m[0m
[1;32m    184[0m         [0;31m# Use NumPy API to support order[0m[0;34m[0m[0;34m[0m[0m
[0;32m--> 185[0;31m         [0marray[0m [0;34m=[0m [0mnumpy[0m[0;34m.[0m[0masarray[0m[0;34m([0m[0marray[0m[0;34m,[0m [0morder[0m[0;34m=[0m[0morder[0m[0;34m,[0m [0mdtype[0m[0;34m=[0m[0mdtype[0m[0;34m)[0m[0;34m[0m[0;34m[0m[0m
[0m[1;32m    186[0m         [0;32mreturn[0m [0mxp[0m[0;34m.[0m[0masarray[0m[0;34m([0m[0marray[0m[0;34m,[0m [0mcopy[0m[0;34m=[0m[0mcopy[0m[0;34m)[0m[0;34m[0m[0;34m[0m[0m
[1;32m    187[0m     [0;32melse[0m[0;34m:[0m[0;34m[0m[0;34m[0m[0m

[0;32m/usr/local/lib/python3.10/dist-packages/pandas/core/generic.py[0m in [0;36m__array__[0;34m(self, dtype)[0m
[1;32m   2068[0m [0;34m[0m[0m
[1;32m   2069[0m     [0;32mdef[0m [0m__array__[0m[0;34m([0m[0mself[0m[0;34m,[0m [0mdtype[0m[0;34m:[0m [0mnpt[0m[0;34m.[0m[0mDTypeLike[0m [0;34m|[0m [0;32mNone[0m [0;34m=[0m [0;32mNone[0m[0;34m)[0m [0;34m->[0m [0mnp[0m[0;34m.[0m[0mndarray[0m[0;34m:[0m[0;34m[0m[0;34m[0m[0m
[0;32m-> 2070[0;31m         [0;32mreturn[0m [0mnp[0m[0;34m.[0m[0masarray[0m[0;34m([0m[0mself[0m[0;34m.[0m[0m_values[0m[0;34m,[0m [0mdtype[0m[0;34m=[0m[0mdtype[0m[0;34m)[0m[0;34m[0m[0;34m[0m[0m
[0m[1;32m   2071[0m [0;34m[0m[0m
[1;32m   2072[0m     def __array_wrap__(

[0;31mValueError[0m: could not convert string to float: 'RPL'

